<?xml version="1.0" encoding="UTF-8"?>
<!-- Generated by org.testng.reporters.JUnitReportReporter -->
<testsuite hostname="Nitish-PC" failures="0" tests="1" name="tests.testBasicAuth" time="1.229" errors="0" timestamp="2024-11-17T09:58:35 IST" skipped="0">
  <testcase classname="tests.testBasicAuth" name="testBasicAuthorisation" time="1.229"/>
</testsuite> <!-- tests.testBasicAuth -->
