<?xml version="1.0" encoding="UTF-8"?>
<!-- Generated by org.testng.reporters.JUnitReportReporter -->
<testsuite hostname="Nitish-PC" failures="0" tests="1" name="tests.testAddRemoveElements" time="20.904" errors="0" timestamp="2024-11-17T02:46:53 IST" skipped="0">
  <testcase classname="tests.testAddRemoveElements" name="testAddAndRemoveElements" time="20.904"/>
</testsuite> <!-- tests.testAddRemoveElements -->
